f:\projects\11\sink_hole_aodv_v10.2\64bit\code\dll\aodv.lib
f:\projects\11\sink_hole_aodv_v10.2\64bit\code\dll\aodv.exp
f:\projects\11\sink_hole_aodv_v10.2\64bit\code\aodv\x64\debug\vc141.pdb
f:\projects\11\sink_hole_aodv_v10.2\64bit\code\aodv\x64\debug\vc141.idb
f:\projects\11\sink_hole_aodv_v10.2\64bit\code\aodv\x64\debug\rreq.obj
f:\projects\11\sink_hole_aodv_v10.2\64bit\code\aodv\x64\debug\rrep.obj
f:\projects\11\sink_hole_aodv_v10.2\64bit\code\aodv\x64\debug\routetable.obj
f:\projects\11\sink_hole_aodv_v10.2\64bit\code\aodv\x64\debug\routemaint.obj
f:\projects\11\sink_hole_aodv_v10.2\64bit\code\aodv\x64\debug\malicious.obj
f:\projects\11\sink_hole_aodv_v10.2\64bit\code\aodv\x64\debug\hellomessage.obj
f:\projects\11\sink_hole_aodv_v10.2\64bit\code\aodv\x64\debug\generalpacketprocessing.obj
f:\projects\11\sink_hole_aodv_v10.2\64bit\code\aodv\x64\debug\fifobuffer.obj
f:\projects\11\sink_hole_aodv_v10.2\64bit\code\aodv\x64\debug\aodv_routeerror.obj
f:\projects\11\sink_hole_aodv_v10.2\64bit\code\aodv\x64\debug\aodv_checkroutefound.obj
f:\projects\11\sink_hole_aodv_v10.2\64bit\code\aodv\x64\debug\aodv.obj
f:\projects\11\sink_hole_aodv_v10.2\64bit\code\dll\libaodv.dll
f:\projects\11\sink_hole_aodv_v10.2\64bit\code\dll\aodv.pdb
f:\projects\final\sink_hole_aodv_v11.0\64bit\code\aodv\x64\debug\aodv.obj
f:\projects\final\sink_hole_aodv_v11.0\64bit\code\aodv\x64\debug\aodv_checkroutefound.obj
f:\projects\final\sink_hole_aodv_v11.0\64bit\code\aodv\x64\debug\aodv_routeerror.obj
f:\projects\final\sink_hole_aodv_v11.0\64bit\code\aodv\x64\debug\fifobuffer.obj
f:\projects\final\sink_hole_aodv_v11.0\64bit\code\aodv\x64\debug\generalpacketprocessing.obj
f:\projects\final\sink_hole_aodv_v11.0\64bit\code\aodv\x64\debug\hellomessage.obj
f:\projects\final\sink_hole_aodv_v11.0\64bit\code\aodv\x64\debug\malicious.obj
f:\projects\final\sink_hole_aodv_v11.0\64bit\code\aodv\x64\debug\routemaint.obj
f:\projects\final\sink_hole_aodv_v11.0\64bit\code\aodv\x64\debug\routetable.obj
f:\projects\final\sink_hole_aodv_v11.0\64bit\code\aodv\x64\debug\rrep.obj
f:\projects\final\sink_hole_aodv_v11.0\64bit\code\aodv\x64\debug\rreq.obj
f:\projects\final\sink_hole_aodv_v11.0\64bit\code\aodv\x64\debug\vc141.idb
f:\projects\final\sink_hole_aodv_v11.0\64bit\code\aodv\x64\debug\vc141.pdb
f:\projects\final\sink_hole_aodv_v11.0\64bit\code\aodv\x64\debug\aodv.tlog\aodv.write.1u.tlog
f:\projects\final\sink_hole_aodv_v11.0\64bit\code\aodv\x64\debug\aodv.tlog\cl.command.1.tlog
f:\projects\final\sink_hole_aodv_v11.0\64bit\code\aodv\x64\debug\aodv.tlog\cl.read.1.tlog
f:\projects\final\sink_hole_aodv_v11.0\64bit\code\aodv\x64\debug\aodv.tlog\cl.write.1.tlog
f:\projects\final\sink_hole_aodv_v11.0\64bit\code\aodv\x64\debug\aodv.tlog\link.command.1.tlog
f:\projects\final\sink_hole_aodv_v11.0\64bit\code\aodv\x64\debug\aodv.tlog\link.read.1.tlog
f:\projects\final\sink_hole_aodv_v11.0\64bit\code\aodv\x64\debug\aodv.tlog\link.write.1.tlog
