c:\program files\netsim pro\src\simulation\aodv\debug\vc140.pdb
c:\program files\netsim pro\src\simulation\aodv\debug\vc140.idb
c:\program files\netsim pro\src\simulation\aodv\debug\aodv.obj
c:\program files\netsim pro\src\simulation\aodv\debug\aodv_checkroutefound.obj
c:\program files\netsim pro\src\simulation\aodv\debug\aodv_routeerror.obj
c:\program files\netsim pro\src\simulation\aodv\debug\fifobuffer.obj
c:\program files\netsim pro\src\simulation\aodv\debug\generalpacketprocessing.obj
c:\program files\netsim pro\src\simulation\aodv\debug\hellomessage.obj
c:\program files\netsim pro\src\simulation\aodv\debug\routemaint.obj
c:\program files\netsim pro\src\simulation\aodv\debug\routetable.obj
c:\program files\netsim pro\src\simulation\aodv\debug\rrep.obj
c:\program files\netsim pro\src\simulation\aodv\debug\rreq.obj
f:\projects\final\sink_hole_aodv_v11.0\32bit\code\aodv\debug\aodv.obj
f:\projects\final\sink_hole_aodv_v11.0\32bit\code\aodv\debug\aodv_checkroutefound.obj
f:\projects\final\sink_hole_aodv_v11.0\32bit\code\aodv\debug\aodv_routeerror.obj
f:\projects\final\sink_hole_aodv_v11.0\32bit\code\aodv\debug\fifobuffer.obj
f:\projects\final\sink_hole_aodv_v11.0\32bit\code\aodv\debug\generalpacketprocessing.obj
f:\projects\final\sink_hole_aodv_v11.0\32bit\code\aodv\debug\hellomessage.obj
f:\projects\final\sink_hole_aodv_v11.0\32bit\code\aodv\debug\routemaint.obj
f:\projects\final\sink_hole_aodv_v11.0\32bit\code\aodv\debug\routetable.obj
f:\projects\final\sink_hole_aodv_v11.0\32bit\code\aodv\debug\rrep.obj
f:\projects\final\sink_hole_aodv_v11.0\32bit\code\aodv\debug\rreq.obj
f:\projects\final\sink_hole_aodv_v11.0\32bit\code\aodv\debug\vc140.idb
f:\projects\final\sink_hole_aodv_v11.0\32bit\code\aodv\debug\vc140.pdb
f:\projects\final\sink_hole_aodv_v11.0\32bit\code\aodv\debug\aodv.tlog\cl.command.1.tlog
f:\projects\final\sink_hole_aodv_v11.0\32bit\code\aodv\debug\aodv.tlog\cl.read.1.tlog
f:\projects\final\sink_hole_aodv_v11.0\32bit\code\aodv\debug\aodv.tlog\cl.write.1.tlog
f:\projects\final\sink_hole_aodv_v11.0\32bit\code\aodv\debug\aodv.tlog\link-cvtres.read.1.tlog
f:\projects\final\sink_hole_aodv_v11.0\32bit\code\aodv\debug\aodv.tlog\link-cvtres.write.1.tlog
f:\projects\final\sink_hole_aodv_v11.0\32bit\code\aodv\debug\aodv.tlog\link-rc.read.1.tlog
f:\projects\final\sink_hole_aodv_v11.0\32bit\code\aodv\debug\aodv.tlog\link-rc.write.1.tlog
f:\projects\final\sink_hole_aodv_v11.0\32bit\code\aodv\debug\aodv.tlog\link.command.1.tlog
f:\projects\final\sink_hole_aodv_v11.0\32bit\code\aodv\debug\aodv.tlog\link.read.1.tlog
f:\projects\final\sink_hole_aodv_v11.0\32bit\code\aodv\debug\aodv.tlog\link.write.1.tlog
